2024-11-13T08:54:33.676Z [info] Server is running at http://localhost:3000
2024-11-13T08:55:10.771Z [info] Server is running at http://localhost:3000
2024-11-13T09:00:38.743Z [info] Client connected
2024-11-13T09:00:43.163Z [info] Received audio data (chunk size):8192
2024-11-13T09:00:43.330Z [info] Received audio data (chunk size):8192
2024-11-13T09:00:43.671Z [info] Received audio data (chunk size):8192
2024-11-13T09:00:43.839Z [info] Received audio data (chunk size):8192
2024-11-13T09:00:44.191Z [info] Received audio data (chunk size):8192
2024-11-13T09:00:44.361Z [info] Received audio data (chunk size):8192
2024-11-13T09:00:44.699Z [info] Received audio data (chunk size):8192
2024-11-13T09:00:46.920Z [info] Received audio data (chunk size):8192
2024-11-13T09:00:48.451Z [info] Received audio data (chunk size):8192
2024-11-13T09:00:48.960Z [info] Received audio data (chunk size):8192
2024-11-13T09:00:49.820Z [info] Received audio data (chunk size):8192
2024-11-13T09:00:49.991Z [info] Received audio data (chunk size):8192
2024-11-13T09:00:50.330Z [info] Received audio data (chunk size):8192
2024-11-13T09:00:53.401Z [info] End recording signal received
2024-11-13T09:00:53.403Z [info] WAV file created and saved as ../audio/2024_11_13T09_00_53_401Z.wav
2024-11-13T09:00:54.081Z [info] Received audio data (chunk size):8192
2024-11-13T09:00:54.430Z [info] Received audio data (chunk size):8192
2024-11-13T09:00:54.600Z [info] Received audio data (chunk size):8192
2024-11-13T09:00:57.670Z [info] End recording signal received
2024-11-13T09:00:57.671Z [info] WAV file created and saved as ../audio/2024_11_13T09_00_57_671Z.wav
2024-11-13T09:01:06.880Z [info] Received audio data (chunk size):8192
2024-11-13T09:01:09.961Z [info] End recording signal received
2024-11-13T09:01:09.961Z [info] WAV file created and saved as ../audio/2024_11_13T09_01_09_961Z.wav
2024-11-13T09:01:52.281Z [info] Received audio data (chunk size):8192
2024-11-13T09:01:55.350Z [info] End recording signal received
2024-11-13T09:01:55.350Z [info] WAV file created and saved as ../audio/2024_11_13T09_01_55_350Z.wav
2024-11-13T09:01:58.080Z [info] Received audio data (chunk size):8192
2024-11-13T09:01:58.430Z [info] Received audio data (chunk size):8192
2024-11-13T09:01:58.599Z [info] Received audio data (chunk size):8192
2024-11-13T09:01:58.940Z [info] Received audio data (chunk size):8192
2024-11-13T09:02:02.011Z [info] End recording signal received
2024-11-13T09:02:02.011Z [info] WAV file created and saved as ../audio/2024_11_13T09_02_02_011Z.wav
2024-11-13T09:02:02.180Z [info] Received audio data (chunk size):8192
2024-11-13T09:02:02.520Z [info] Received audio data (chunk size):8192
2024-11-13T09:02:02.690Z [info] Received audio data (chunk size):8192
2024-11-13T09:02:03.030Z [info] Received audio data (chunk size):8192
2024-11-13T09:02:03.550Z [info] Received audio data (chunk size):8192
2024-11-13T09:02:03.720Z [info] Received audio data (chunk size):8192
2024-11-13T09:02:04.060Z [info] Received audio data (chunk size):8192
2024-11-13T09:02:04.230Z [info] Received audio data (chunk size):8192
2024-11-13T09:02:04.570Z [info] Received audio data (chunk size):8192
2024-11-13T09:02:04.739Z [info] Received audio data (chunk size):8192
2024-11-13T09:02:05.079Z [info] Received audio data (chunk size):8192
2024-11-13T09:02:05.250Z [info] Received audio data (chunk size):8192
2024-11-13T09:02:05.589Z [info] Received audio data (chunk size):8192
2024-11-13T09:02:05.760Z [info] Received audio data (chunk size):8192
2024-11-13T09:02:08.841Z [info] End recording signal received
2024-11-13T09:02:08.841Z [info] WAV file created and saved as ../audio/2024_11_13T09_02_08_841Z.wav
2024-11-13T09:02:11.942Z [info] Client disconnected
2024-11-13T09:05:06.165Z [info] Server is running at http://localhost:3000
2024-11-13T09:05:09.329Z [info] Client connected
2024-11-13T09:05:11.326Z [info] Received audio data (chunk size):8192
2024-11-13T09:05:11.664Z [info] Received audio data (chunk size):8192
2024-11-13T09:05:11.834Z [info] Received audio data (chunk size):8192
2024-11-13T09:05:12.184Z [info] Received audio data (chunk size):8192
2024-11-13T09:05:12.353Z [info] Received audio data (chunk size):8192
2024-11-13T09:05:14.224Z [info] Received audio data (chunk size):8192
2024-11-13T09:05:14.393Z [info] Received audio data (chunk size):8192
2024-11-13T09:05:14.744Z [info] Received audio data (chunk size):8192
2024-11-13T09:05:14.915Z [info] Received audio data (chunk size):8192
2024-11-13T09:05:15.253Z [info] Received audio data (chunk size):8192
2024-11-13T09:05:15.424Z [info] Received audio data (chunk size):8192
2024-11-13T09:05:15.764Z [info] Received audio data (chunk size):8192
2024-11-13T09:05:15.934Z [info] Received audio data (chunk size):8192
2024-11-13T09:05:16.274Z [info] Received audio data (chunk size):8192
2024-11-13T09:05:19.344Z [info] End recording signal received
2024-11-13T09:05:19.347Z [info] WAV file created and saved as ../audio/2024_11_13T09_05_19_345Z.wav
2024-11-13T09:05:29.075Z [info] Received audio data (chunk size):8192
2024-11-13T09:05:30.274Z [info] Received audio data (chunk size):8192
2024-11-13T09:05:31.124Z [info] Received audio data (chunk size):8192
2024-11-13T09:05:31.634Z [info] Received audio data (chunk size):8192
2024-11-13T09:05:31.804Z [info] Received audio data (chunk size):8192
2024-11-13T09:05:32.144Z [info] Received audio data (chunk size):8192
2024-11-13T09:05:32.315Z [info] Received audio data (chunk size):8192
2024-11-13T09:05:32.664Z [info] Received audio data (chunk size):8192
2024-11-13T09:05:32.834Z [info] Received audio data (chunk size):8192
2024-11-13T09:05:35.904Z [info] End recording signal received
2024-11-13T09:05:35.905Z [info] WAV file created and saved as ../audio/2024_11_13T09_05_35_904Z.wav
2024-11-13T09:05:44.094Z [info] Received audio data (chunk size):8192
2024-11-13T09:05:47.640Z [info] Server is running at http://localhost:3000
2024-11-13T09:05:48.775Z [info] Client connected
2024-11-13T09:05:52.778Z [info] Client disconnected
2024-11-13T09:05:54.913Z [info] Client connected
2024-11-13T09:05:56.399Z [info] Received audio data (chunk size):8192
2024-11-13T09:05:56.738Z [info] Received audio data (chunk size):8192
2024-11-13T09:05:56.908Z [info] Received audio data (chunk size):8192
2024-11-13T09:05:57.248Z [info] Received audio data (chunk size):8192
2024-11-13T09:05:57.418Z [info] Received audio data (chunk size):8192
2024-11-13T09:05:57.768Z [info] Received audio data (chunk size):8192
2024-11-13T09:05:58.448Z [info] Received audio data (chunk size):8192
2024-11-13T09:05:58.788Z [info] Received audio data (chunk size):8192
2024-11-13T09:05:58.958Z [info] Received audio data (chunk size):8192
2024-11-13T09:05:59.299Z [info] Received audio data (chunk size):8192
2024-11-13T09:05:59.468Z [info] Received audio data (chunk size):8192
2024-11-13T09:05:59.808Z [info] Received audio data (chunk size):8192
2024-11-13T09:05:59.977Z [info] Received audio data (chunk size):8192
2024-11-13T09:06:01.349Z [info] Received audio data (chunk size):8192
2024-11-13T09:06:01.518Z [info] Received audio data (chunk size):8192
2024-11-13T09:06:01.858Z [info] Received audio data (chunk size):8192
2024-11-13T09:06:02.028Z [info] Received audio data (chunk size):8192
2024-11-13T09:06:02.368Z [info] Received audio data (chunk size):8192
2024-11-13T09:06:05.448Z [info] End recording signal received
2024-11-13T09:06:05.450Z [info] WAV file created and saved as ../audio/2024_11_13T09_06_05_449Z.wav
2024-11-13T09:06:07.488Z [info] Received audio data (chunk size):8192
2024-11-13T09:06:07.657Z [info] Received audio data (chunk size):8192
2024-11-13T09:06:08.008Z [info] Received audio data (chunk size):8192
2024-11-13T09:06:08.179Z [info] Received audio data (chunk size):8192
2024-11-13T09:06:08.517Z [info] Received audio data (chunk size):8192
2024-11-13T09:06:08.688Z [info] Received audio data (chunk size):8192
2024-11-13T09:06:10.218Z [info] Received audio data (chunk size):8192
2024-11-13T09:06:10.467Z [info] WAV file created and saved as ../audio/2024_11_13T09_06_10_467Z.wav
2024-11-13T09:06:10.468Z [info] Client disconnected
2024-11-13T09:08:31.192Z [info] Server is running at http://localhost:3000
2024-11-13T09:08:32.591Z [info] Client connected
2024-11-13T09:08:33.399Z [info] Received audio data (chunk size):8192
2024-11-13T09:08:34.076Z [info] Received audio data (chunk size):8192
2024-11-13T09:08:34.416Z [info] Received audio data (chunk size):8192
2024-11-13T09:08:34.586Z [info] Received audio data (chunk size):8192
2024-11-13T09:08:34.927Z [info] Received audio data (chunk size):8192
2024-11-13T09:08:38.006Z [info] End recording signal received
2024-11-13T09:08:38.009Z [info] WAV file created and saved as ../audio/2024_11_13T09_08_38_007Z.wav
2024-11-13T09:08:41.247Z [info] Received audio data (chunk size):8192
2024-11-13T09:08:41.586Z [info] Received audio data (chunk size):8192
2024-11-13T09:08:41.755Z [info] Received audio data (chunk size):8192
2024-11-13T09:08:42.095Z [info] Received audio data (chunk size):8192
2024-11-13T09:08:42.266Z [info] Received audio data (chunk size):8192
2024-11-13T09:08:42.607Z [info] Received audio data (chunk size):8192
2024-11-13T09:08:42.776Z [info] Received audio data (chunk size):8192
2024-11-13T09:08:43.126Z [info] Received audio data (chunk size):8192
2024-11-13T09:08:43.295Z [info] Received audio data (chunk size):8192
2024-11-13T09:08:46.366Z [info] End recording signal received
2024-11-13T09:08:46.367Z [info] WAV file created and saved as ../audio/2024_11_13T09_08_46_366Z.wav
2024-11-13T09:08:50.287Z [info] Received audio data (chunk size):8192
2024-11-13T09:08:50.418Z [info] WAV file created and saved as ../audio/2024_11_13T09_08_50_417Z.wav
2024-11-13T09:08:50.418Z [info] Client disconnected
2024-11-13T09:10:02.019Z [info] Server is running at http://localhost:3000
2024-11-13T09:10:03.700Z [info] Client connected
2024-11-13T09:10:05.015Z [info] Received audio data (chunk size):8192
2024-11-13T09:10:05.182Z [info] Received audio data (chunk size):8192
2024-11-13T09:10:05.523Z [info] Received audio data (chunk size):8192
2024-11-13T09:10:05.693Z [info] Received audio data (chunk size):8192
2024-11-13T09:10:06.203Z [info] Received audio data (chunk size):8192
2024-11-13T09:10:06.553Z [info] Received audio data (chunk size):8192
2024-11-13T09:10:06.722Z [info] Received audio data (chunk size):8192
2024-11-13T09:10:07.063Z [info] Received audio data (chunk size):8192
2024-11-13T09:10:07.233Z [info] Received audio data (chunk size):8192
2024-11-13T09:10:07.573Z [info] Received audio data (chunk size):8192
2024-11-13T09:10:10.643Z [info] End recording signal received
2024-11-13T09:10:10.645Z [info] WAV file created and saved as ../audio/2024_11_13T09_10_10_643Z.wav
2024-11-13T09:10:11.677Z [info] Client disconnected
2024-11-13T09:10:48.765Z [info] Server is running at http://localhost:3000
2024-11-13T09:10:52.591Z [info] Client connected
2024-11-13T09:10:54.078Z [info] Received audio data (chunk size):8192
2024-11-13T09:10:54.417Z [info] Received audio data (chunk size):8192
2024-11-13T09:10:54.587Z [info] Received audio data (chunk size):8192
2024-11-13T09:10:54.927Z [info] Received audio data (chunk size):8192
2024-11-13T09:10:55.097Z [info] Received audio data (chunk size):8192
2024-11-13T09:10:58.179Z [info] End recording signal received
2024-11-13T09:10:58.182Z [info] WAV file created and saved as ../audio/2024_11_13T09_10_58_180Z.wav
2024-11-13T09:11:06.947Z [error] Server has been down
